# JRE version: OpenJDK Runtime Environment (11.0.13) (build 11.0.13+0-b1751.21-8125866)
# Java VM: OpenJDK 64-Bit Server VM (11.0.13+0-b1751.21-8125866, mixed mode, tiered, compressed oops, g1 gc, windows-amd64)
Heap:
 garbage-first heap   total 382976K, used 307655K [0x00000000a0000000, 0x0000000100000000)
  region size 1024K, 23 young (23552K), 4 survivors (4096K)
 Metaspace       used 197609K, capacity 202217K, committed 202660K, reserved 1226752K
  class space    used 23633K, capacity 25286K, committed 25420K, reserved 1048576K
GC Heap History (20 events):
Event: 1677.201 GC heap before
{Heap before GC invocations=198 (full 0):
 garbage-first heap   total 382976K, used 302592K [0x00000000a0000000, 0x0000000100000000)
  region size 1024K, 63 young (64512K), 9 survivors (9216K)
 Metaspace       used 197362K, capacity 201931K, committed 202404K, reserved 1226752K
  class space    used 23618K, capacity 25258K, committed 25420K, reserved 1048576K
}
Event: 1677.317 GC heap after
{Heap after GC invocations=199 (full 0):
 garbage-first heap   total 382976K, used 286720K [0x00000000a0000000, 0x0000000100000000)
  region size 1024K, 8 young (8192K), 8 survivors (8192K)
 Metaspace       used 197362K, capacity 201931K, committed 202404K, reserved 1226752K
  class space    used 23618K, capacity 25258K, committed 25420K, reserved 1048576K
}
Event: 1677.462 GC heap before
{Heap before GC invocations=200 (full 0):
 garbage-first heap   total 382976K, used 314368K [0x00000000a0000000, 0x0000000100000000)
  region size 1024K, 35 young (35840K), 8 survivors (8192K)
 Metaspace       used 197367K, capacity 201931K, committed 202404K, reserved 1226752K
  class space    used 23618K, capacity 25258K, committed 25420K, reserved 1048576K
}
Event: 1677.500 GC heap after
{Heap after GC invocations=201 (full 0):
 garbage-first heap   total 382976K, used 305664K [0x00000000a0000000, 0x0000000100000000)
  region size 1024K, 5 young (5120K), 5 survivors (5120K)
 Metaspace       used 197367K, capacity 201931K, committed 202404K, reserved 1226752K
  class space    used 23618K, capacity 25258K, committed 25420K, reserved 1048576K
}
Event: 1677.525 GC heap before
{Heap before GC invocations=201 (full 0):
 garbage-first heap   total 382976K, used 318976K [0x00000000a0000000, 0x0000000100000000)
  region size 1024K, 18 young (18432K), 5 survivors (5120K)
 Metaspace       used 197367K, capacity 201931K, committed 202404K, reserved 1226752K
  class space    used 23618K, capacity 25258K, committed 25420K, reserved 1048576K
}
Event: 1677.556 GC heap after
{Heap after GC invocations=202 (full 0):
 garbage-first heap   total 382976K, used 316928K [0x00000000a0000000, 0x0000000100000000)
  region size 1024K, 3 young (3072K), 3 survivors (3072K)
 Metaspace       used 197367K, capacity 201931K, committed 202404K, reserved 1226752K
  class space    used 23618K, capacity 25258K, committed 25420K, reserved 1048576K
}
Event: 1677.587 GC heap before
{Heap before GC invocations=202 (full 0):
 garbage-first heap   total 382976K, used 332288K [0x00000000a0000000, 0x0000000100000000)
  region size 1024K, 18 young (18432K), 3 survivors (3072K)
 Metaspace       used 197367K, capacity 201931K, committed 202404K, reserved 1226752K
  class space    used 23618K, capacity 25258K, committed 25420K, reserved 1048576K
}
Event: 1677.622 GC heap after
{Heap after GC invocations=203 (full 0):
 garbage-first heap   total 382976K, used 332800K [0x00000000a0000000, 0x0000000100000000)
  region size 1024K, 3 young (3072K), 3 survivors (3072K)
 Metaspace       used 197367K, capacity 201931K, committed 202404K, reserved 1226752K
  class space    used 23618K, capacity 25258K, committed 25420K, reserved 1048576K
}
Event: 1677.714 GC heap before
{Heap before GC invocations=203 (full 0):
 garbage-first heap   total 382976K, used 348160K [0x00000000a0000000, 0x0000000100000000)
  region size 1024K, 18 young (18432K), 3 survivors (3072K)
 Metaspace       used 197369K, capacity 201931K, committed 202404K, reserved 1226752K
  class space    used 23618K, capacity 25258K, committed 25420K, reserved 1048576K
}
Event: 1677.725 GC heap after
{Heap after GC invocations=204 (full 0):
 garbage-first heap   total 382976K, used 335522K [0x00000000a0000000, 0x0000000100000000)
  region size 1024K, 3 young (3072K), 3 survivors (3072K)
 Metaspace       used 197369K, capacity 201931K, committed 202404K, reserved 1226752K
  class space    used 23618K, capacity 25258K, committed 25420K, reserved 1048576K
}
Event: 1677.982 GC heap before
{Heap before GC invocations=204 (full 0):
 garbage-first heap   total 382976K, used 349858K [0x00000000a0000000, 0x0000000100000000)
  region size 1024K, 18 young (18432K), 3 survivors (3072K)
 Metaspace       used 197400K, capacity 201970K, committed 202404K, reserved 1226752K
  class space    used 23625K, capacity 25271K, committed 25420K, reserved 1048576K
}
Event: 1677.992 GC heap after
{Heap after GC invocations=205 (full 0):
 garbage-first heap   total 382976K, used 334765K [0x00000000a0000000, 0x0000000100000000)
  region size 1024K, 1 young (1024K), 1 survivors (1024K)
 Metaspace       used 197400K, capacity 201970K, committed 202404K, reserved 1226752K
  class space    used 23625K, capacity 25271K, committed 25420K, reserved 1048576K
}
Event: 1678.624 GC heap before
{Heap before GC invocations=205 (full 0):
 garbage-first heap   total 382976K, used 347053K [0x00000000a0000000, 0x0000000100000000)
  region size 1024K, 18 young (18432K), 1 survivors (1024K)
 Metaspace       used 197430K, capacity 202048K, committed 202660K, reserved 1226752K
  class space    used 23626K, capacity 25274K, committed 25420K, reserved 1048576K
}
Event: 1678.631 GC heap after
{Heap after GC invocations=206 (full 0):
 garbage-first heap   total 382976K, used 302183K [0x00000000a0000000, 0x0000000100000000)
  region size 1024K, 2 young (2048K), 2 survivors (2048K)
 Metaspace       used 197430K, capacity 202048K, committed 202660K, reserved 1226752K
  class space    used 23626K, capacity 25274K, committed 25420K, reserved 1048576K
}
Event: 2033.382 GC heap before
{Heap before GC invocations=207 (full 0):
 garbage-first heap   total 382976K, used 320615K [0x00000000a0000000, 0x0000000100000000)
  region size 1024K, 20 young (20480K), 2 survivors (2048K)
 Metaspace       used 197480K, capacity 202055K, committed 202660K, reserved 1226752K
  class space    used 23627K, capacity 25275K, committed 25420K, reserved 1048576K
}
Event: 2033.394 GC heap after
{Heap after GC invocations=208 (full 0):
 garbage-first heap   total 382976K, used 302686K [0x00000000a0000000, 0x0000000100000000)
  region size 1024K, 2 young (2048K), 2 survivors (2048K)
 Metaspace       used 197480K, capacity 202055K, committed 202660K, reserved 1226752K
  class space    used 23627K, capacity 25275K, committed 25420K, reserved 1048576K
}
Event: 2033.686 GC heap before
{Heap before GC invocations=208 (full 0):
 garbage-first heap   total 382976K, used 318046K [0x00000000a0000000, 0x0000000100000000)
  region size 1024K, 18 young (18432K), 2 survivors (2048K)
 Metaspace       used 197486K, capacity 202119K, committed 202660K, reserved 1226752K
  class space    used 23627K, capacity 25275K, committed 25420K, reserved 1048576K
}
Event: 2033.731 GC heap after
{Heap after GC invocations=209 (full 0):
 garbage-first heap   total 382976K, used 283575K [0x00000000a0000000, 0x0000000100000000)
  region size 1024K, 3 young (3072K), 3 survivors (3072K)
 Metaspace       used 197486K, capacity 202119K, committed 202660K, reserved 1226752K
  class space    used 23627K, capacity 25275K, committed 25420K, reserved 1048576K
}
Event: 2034.226 GC heap before
{Heap before GC invocations=209 (full 0):
 garbage-first heap   total 382976K, used 312247K [0x00000000a0000000, 0x0000000100000000)
  region size 1024K, 32 young (32768K), 3 survivors (3072K)
 Metaspace       used 197606K, capacity 202217K, committed 202660K, reserved 1226752K
  class space    used 23633K, capacity 25286K, committed 25420K, reserved 1048576K
}
Event: 2034.254 GC heap after
{Heap after GC invocations=210 (full 0):
 garbage-first heap   total 382976K, used 289223K [0x00000000a0000000, 0x0000000100000000)
  region size 1024K, 4 young (4096K), 4 survivors (4096K)
 Metaspace       used 197606K, capacity 202217K, committed 202660K, reserved 1226752K
  class space    used 23633K, capacity 25286K, committed 25420K, reserved 1048576K
}

